<?xml version="1.0" encoding="utf-8"?>
<TestRun id="9f5a5dad-44b3-4629-9263-848db8999bd4" name="AD20587582@APL-5CD50811ZF 2025-05-26 22:39:41" runUser="WIPRO\AD20587582" xmlns="http://microsoft.com/schemas/VisualStudio/TeamTest/2010">
  <Times creation="2025-05-26T22:39:41.0815964+05:30" queuing="2025-05-26T22:39:41.0815967+05:30" start="2025-05-26T22:39:39.6872381+05:30" finish="2025-05-26T22:39:41.0823613+05:30" />
  <TestSettings name="default" id="9f7e47a7-3ad8-49e9-997d-a572ff8e7d49">
    <Deployment runDeploymentRoot="AD20587582_APL-5CD50811ZF_2025-05-26_22_39_41" />
  </TestSettings>
  <TestLists>
    <TestList name="Results Not in a List" id="8c84fa94-04c1-424b-9868-57a2d4851a1d" />
    <TestList name="All Loaded Results" id="19431567-8539-422a-85d7-44ee4e166bda" />
  </TestLists>
  <ResultSummary outcome="Completed">
    <Counters total="0" executed="0" passed="0" failed="0" error="0" timeout="0" aborted="0" inconclusive="0" passedButRunAborted="0" notRunnable="0" notExecuted="0" disconnected="0" warning="0" completed="0" inProgress="0" pending="0" />
    <Output>
      <StdOut>[xUnit.net 00:00:00.00] xUnit.net VSTest Adapter v2.5.3.1+6b60a9e56a (64-bit .NET 8.0.16)&#xD;
[xUnit.net 00:00:00.10]   Discovering: TheAuctionHouse.Domain.Services.Tests&#xD;
[xUnit.net 00:00:00.14]   Discovered:  TheAuctionHouse.Domain.Services.Tests&#xD;
[xUnit.net 00:00:00.15]   Starting:    TheAuctionHouse.Domain.Services.Tests&#xD;
[xUnit.net 00:00:00.17]   Finished:    TheAuctionHouse.Domain.Services.Tests&#xD;
</StdOut>
    </Output>
    <RunInfos>
      <RunInfo computerName="APL-5CD50811ZF" outcome="Warning" timestamp="2025-05-26T22:39:40.9946203+05:30">
        <Text>No test matches the given testcase filter `FullyQualifiedName~DashboardServiceTests_New` in C:\Users\AD20587582\Downloads\TheAuctionHouseV1\TheAuctionHouse\TheAuctionHouse.Domain.Services.Tests\bin\Debug\net8.0\TheAuctionHouse.Domain.Services.Tests.dll</Text>
      </RunInfo>
    </RunInfos>
  </ResultSummary>
</TestRun>